[ 2016-12-20T01:44:50-05:00 ] ::1 /hejia/artbeanappapi/home/shop/index
INFO: [ app_init ] --START--
INFO: Run Behavior\BuildLiteBehavior [ RunTime:0.000091s ]
INFO: [ app_init ] --END-- [ RunTime:0.071101s ]
INFO: [ app_begin ] --START--
INFO: Run Behavior\ReadHtmlCacheBehavior [ RunTime:0.060419s ]
INFO: Run Behavior\CheckLangBehavior [ RunTime:0.117910s ]
INFO: [ app_begin ] --END-- [ RunTime:0.179103s ]

[ 2016-12-20T01:44:50-05:00 ] ::1 /hejia/artbeanappapi/home/shop/index
INFO: [ app_init ] --START--
INFO: Run Behavior\BuildLiteBehavior [ RunTime:0.000090s ]
INFO: [ app_init ] --END-- [ RunTime:0.001352s ]
INFO: [ app_begin ] --START--
INFO: Run Behavior\ReadHtmlCacheBehavior [ RunTime:0.001560s ]
INFO: Run Behavior\CheckLangBehavior [ RunTime:0.002882s ]
INFO: [ app_begin ] --END-- [ RunTime:0.005088s ]

[ 2016-12-20T01:45:10-05:00 ] ::1 /hejia/artbeanappapi/home/shop/index
INFO: [ app_init ] --START--
INFO: Run Behavior\BuildLiteBehavior [ RunTime:0.000090s ]
INFO: [ app_init ] --END-- [ RunTime:0.001698s ]
INFO: [ app_begin ] --START--
INFO: Run Behavior\ReadHtmlCacheBehavior [ RunTime:0.001588s ]
INFO: Run Behavior\CheckLangBehavior [ RunTime:0.002919s ]
INFO: [ app_begin ] --END-- [ RunTime:0.005170s ]

[ 2016-12-20T01:45:10-05:00 ] ::1 /hejia/artbeanappapi/home/shop/index
INFO: [ app_init ] --START--
INFO: Run Behavior\BuildLiteBehavior [ RunTime:0.000089s ]
INFO: [ app_init ] --END-- [ RunTime:0.001235s ]
INFO: [ app_begin ] --START--
INFO: Run Behavior\ReadHtmlCacheBehavior [ RunTime:0.001943s ]
INFO: Run Behavior\CheckLangBehavior [ RunTime:0.003175s ]
INFO: [ app_begin ] --END-- [ RunTime:0.005739s ]

[ 2016-12-20T01:45:19-05:00 ] ::1 /hejia/artbeanappapi/home/shop/index
INFO: [ app_init ] --START--
INFO: Run Behavior\BuildLiteBehavior [ RunTime:0.000062s ]
INFO: [ app_init ] --END-- [ RunTime:0.001457s ]
INFO: [ app_begin ] --START--
INFO: Run Behavior\ReadHtmlCacheBehavior [ RunTime:0.002360s ]
INFO: Run Behavior\CheckLangBehavior [ RunTime:0.003022s ]
INFO: [ app_begin ] --END-- [ RunTime:0.006166s ]

[ 2016-12-20T01:46:24-05:00 ] ::1 /hejia/artbeanappapi/home/shop/index
INFO: [ app_init ] --START--
INFO: Run Behavior\BuildLiteBehavior [ RunTime:0.000070s ]
INFO: [ app_init ] --END-- [ RunTime:0.001658s ]
INFO: [ app_begin ] --START--
INFO: Run Behavior\ReadHtmlCacheBehavior [ RunTime:0.001603s ]
INFO: Run Behavior\CheckLangBehavior [ RunTime:0.002792s ]
INFO: [ app_begin ] --END-- [ RunTime:0.005053s ]

[ 2016-12-20T01:46:25-05:00 ] ::1 /hejia/artbeanappapi/home/shop/index
INFO: [ app_init ] --START--
INFO: Run Behavior\BuildLiteBehavior [ RunTime:0.000088s ]
INFO: [ app_init ] --END-- [ RunTime:0.001151s ]
INFO: [ app_begin ] --START--
INFO: Run Behavior\ReadHtmlCacheBehavior [ RunTime:0.001733s ]
INFO: Run Behavior\CheckLangBehavior [ RunTime:0.003064s ]
INFO: [ app_begin ] --END-- [ RunTime:0.005645s ]

[ 2016-12-20T01:46:25-05:00 ] ::1 /hejia/artbeanappapi/home/shop/index
INFO: [ app_init ] --START--
INFO: Run Behavior\BuildLiteBehavior [ RunTime:0.000561s ]
INFO: [ app_init ] --END-- [ RunTime:0.002811s ]
INFO: [ app_begin ] --START--
INFO: Run Behavior\ReadHtmlCacheBehavior [ RunTime:0.001543s ]
INFO: Run Behavior\CheckLangBehavior [ RunTime:0.002944s ]
INFO: [ app_begin ] --END-- [ RunTime:0.005090s ]

[ 2016-12-20T01:46:25-05:00 ] ::1 /hejia/artbeanappapi/home/shop/index
INFO: [ app_init ] --START--
INFO: Run Behavior\BuildLiteBehavior [ RunTime:0.000103s ]
INFO: [ app_init ] --END-- [ RunTime:0.001454s ]
INFO: [ app_begin ] --START--
INFO: Run Behavior\ReadHtmlCacheBehavior [ RunTime:0.001607s ]
INFO: Run Behavior\CheckLangBehavior [ RunTime:0.003072s ]
INFO: [ app_begin ] --END-- [ RunTime:0.005377s ]

[ 2016-12-20T01:46:25-05:00 ] ::1 /hejia/artbeanappapi/home/shop/index
INFO: [ app_init ] --START--
INFO: Run Behavior\BuildLiteBehavior [ RunTime:0.000080s ]
INFO: [ app_init ] --END-- [ RunTime:0.001514s ]
INFO: [ app_begin ] --START--
INFO: Run Behavior\ReadHtmlCacheBehavior [ RunTime:0.001914s ]
INFO: Run Behavior\CheckLangBehavior [ RunTime:0.002983s ]
INFO: [ app_begin ] --END-- [ RunTime:0.005577s ]

[ 2016-12-20T01:49:33-05:00 ] ::1 /hejia/artbeanappapi/home/shop/index
INFO: [ app_init ] --START--
INFO: Run Behavior\BuildLiteBehavior [ RunTime:0.000089s ]
INFO: [ app_init ] --END-- [ RunTime:0.001231s ]
INFO: [ app_begin ] --START--
INFO: Run Behavior\ReadHtmlCacheBehavior [ RunTime:0.001666s ]
INFO: Run Behavior\CheckLangBehavior [ RunTime:0.003218s ]
INFO: [ app_begin ] --END-- [ RunTime:0.005649s ]
INFO: [ app_end ] --START--
INFO: Run Behavior\ShowPageTraceBehavior [ RunTime:0.056653s ]
INFO: [ app_end ] --END-- [ RunTime:0.057096s ]

[ 2016-12-20T01:49:52-05:00 ] ::1 /hejia/artbeanappapi/home/shop/index
INFO: [ app_init ] --START--
INFO: Run Behavior\BuildLiteBehavior [ RunTime:0.000096s ]
INFO: [ app_init ] --END-- [ RunTime:0.001675s ]
INFO: [ app_begin ] --START--
INFO: Run Behavior\ReadHtmlCacheBehavior [ RunTime:0.001984s ]
INFO: Run Behavior\CheckLangBehavior [ RunTime:0.002808s ]
INFO: [ app_begin ] --END-- [ RunTime:0.005446s ]
INFO: [ app_end ] --START--
INFO: Run Behavior\ShowPageTraceBehavior [ RunTime:0.001752s ]
INFO: [ app_end ] --END-- [ RunTime:0.002126s ]

[ 2016-12-20T01:49:53-05:00 ] ::1 /hejia/artbeanappapi/home/shop/index
INFO: [ app_init ] --START--
INFO: Run Behavior\BuildLiteBehavior [ RunTime:0.000091s ]
INFO: [ app_init ] --END-- [ RunTime:0.001825s ]
INFO: [ app_begin ] --START--
INFO: Run Behavior\ReadHtmlCacheBehavior [ RunTime:0.001698s ]
INFO: Run Behavior\CheckLangBehavior [ RunTime:0.002808s ]
INFO: [ app_begin ] --END-- [ RunTime:0.005270s ]
INFO: [ app_end ] --START--
INFO: Run Behavior\ShowPageTraceBehavior [ RunTime:0.001801s ]
INFO: [ app_end ] --END-- [ RunTime:0.002411s ]

[ 2016-12-20T01:49:53-05:00 ] ::1 /hejia/artbeanappapi/home/shop/index
INFO: [ app_init ] --START--
INFO: Run Behavior\BuildLiteBehavior [ RunTime:0.000098s ]
INFO: [ app_init ] --END-- [ RunTime:0.001227s ]
INFO: [ app_begin ] --START--
INFO: Run Behavior\ReadHtmlCacheBehavior [ RunTime:0.001651s ]
INFO: Run Behavior\CheckLangBehavior [ RunTime:0.002984s ]
INFO: [ app_begin ] --END-- [ RunTime:0.005182s ]
INFO: [ app_end ] --START--
INFO: Run Behavior\ShowPageTraceBehavior [ RunTime:0.001573s ]
INFO: [ app_end ] --END-- [ RunTime:0.002263s ]

[ 2016-12-20T01:49:53-05:00 ] ::1 /hejia/artbeanappapi/home/shop/index
INFO: [ app_init ] --START--
INFO: Run Behavior\BuildLiteBehavior [ RunTime:0.000061s ]
INFO: [ app_init ] --END-- [ RunTime:0.001199s ]
INFO: [ app_begin ] --START--
INFO: Run Behavior\ReadHtmlCacheBehavior [ RunTime:0.002214s ]
INFO: Run Behavior\CheckLangBehavior [ RunTime:0.002349s ]
INFO: [ app_begin ] --END-- [ RunTime:0.005232s ]
INFO: [ app_end ] --START--
INFO: Run Behavior\ShowPageTraceBehavior [ RunTime:0.001533s ]
INFO: [ app_end ] --END-- [ RunTime:0.001979s ]

[ 2016-12-20T01:50:08-05:00 ] ::1 /hejia/artbeanappapi/home/shop/index
INFO: [ app_init ] --START--
INFO: Run Behavior\BuildLiteBehavior [ RunTime:0.000061s ]
INFO: [ app_init ] --END-- [ RunTime:0.001576s ]
INFO: [ app_begin ] --START--
INFO: Run Behavior\ReadHtmlCacheBehavior [ RunTime:0.001432s ]
INFO: Run Behavior\CheckLangBehavior [ RunTime:0.002776s ]
INFO: [ app_begin ] --END-- [ RunTime:0.004860s ]

[ 2016-12-20T01:53:15-05:00 ] ::1 /hejia/artbeanappapi/home/shop/index
INFO: [ app_init ] --START--
INFO: Run Behavior\BuildLiteBehavior [ RunTime:0.000085s ]
INFO: [ app_init ] --END-- [ RunTime:0.001199s ]
INFO: [ app_begin ] --START--
INFO: Run Behavior\ReadHtmlCacheBehavior [ RunTime:0.001562s ]
INFO: Run Behavior\CheckLangBehavior [ RunTime:0.002824s ]
INFO: [ app_begin ] --END-- [ RunTime:0.004966s ]
INFO: [ app_end ] --START--
INFO: Run Behavior\ShowPageTraceBehavior [ RunTime:0.001826s ]
INFO: [ app_end ] --END-- [ RunTime:0.002265s ]

[ 2016-12-20T01:54:06-05:00 ] ::1 /hejia/artbeanappapi/home/shop/index
INFO: [ app_init ] --START--
INFO: Run Behavior\BuildLiteBehavior [ RunTime:0.000063s ]
INFO: [ app_init ] --END-- [ RunTime:0.001216s ]
INFO: [ app_begin ] --START--
INFO: Run Behavior\ReadHtmlCacheBehavior [ RunTime:0.001596s ]
INFO: Run Behavior\CheckLangBehavior [ RunTime:0.003552s ]
INFO: [ app_begin ] --END-- [ RunTime:0.005891s ]

[ 2016-12-20T01:54:32-05:00 ] ::1 /hejia/artbeanappapi/home/Shop/Index
INFO: [ app_init ] --START--
INFO: Run Behavior\BuildLiteBehavior [ RunTime:0.000061s ]
INFO: [ app_init ] --END-- [ RunTime:0.001181s ]
INFO: [ app_begin ] --START--
INFO: Run Behavior\ReadHtmlCacheBehavior [ RunTime:0.001814s ]
INFO: Run Behavior\CheckLangBehavior [ RunTime:0.002793s ]
INFO: [ app_begin ] --END-- [ RunTime:0.005276s ]

[ 2016-12-20T01:55:41-05:00 ] ::1 /hejia/artbeanappapi/home/Shop/Index
INFO: [ app_init ] --START--
INFO: Run Behavior\BuildLiteBehavior [ RunTime:0.000090s ]
INFO: [ app_init ] --END-- [ RunTime:0.001630s ]
INFO: [ app_begin ] --START--
INFO: Run Behavior\ReadHtmlCacheBehavior [ RunTime:0.004171s ]
INFO: Run Behavior\CheckLangBehavior [ RunTime:0.002836s ]
INFO: [ app_begin ] --END-- [ RunTime:0.007662s ]

[ 2016-12-20T01:56:13-05:00 ] ::1 /hejia/artbeanappapi/home/Shop/Index
INFO: [ app_init ] --START--
INFO: Run Behavior\BuildLiteBehavior [ RunTime:0.000068s ]
INFO: [ app_init ] --END-- [ RunTime:0.001238s ]
INFO: [ app_begin ] --START--
INFO: Run Behavior\ReadHtmlCacheBehavior [ RunTime:0.001868s ]
INFO: Run Behavior\CheckLangBehavior [ RunTime:0.002895s ]
INFO: [ app_begin ] --END-- [ RunTime:0.005454s ]

[ 2016-12-20T01:56:19-05:00 ] ::1 /hejia/artbeanappapi/home/Shop/Index
INFO: [ app_init ] --START--
INFO: Run Behavior\BuildLiteBehavior [ RunTime:0.000091s ]
INFO: [ app_init ] --END-- [ RunTime:0.001174s ]
INFO: [ app_begin ] --START--
INFO: Run Behavior\ReadHtmlCacheBehavior [ RunTime:0.002279s ]
INFO: Run Behavior\CheckLangBehavior [ RunTime:0.003167s ]
INFO: [ app_begin ] --END-- [ RunTime:0.006331s ]

[ 2016-12-20T01:57:29-05:00 ] ::1 /hejia/artbeanappapi/home/Shop/Index
INFO: [ app_init ] --START--
INFO: Run Behavior\BuildLiteBehavior [ RunTime:0.000062s ]
INFO: [ app_init ] --END-- [ RunTime:0.001383s ]
INFO: [ app_begin ] --START--
INFO: Run Behavior\ReadHtmlCacheBehavior [ RunTime:0.001918s ]
INFO: Run Behavior\CheckLangBehavior [ RunTime:0.002785s ]
INFO: [ app_begin ] --END-- [ RunTime:0.005494s ]

[ 2016-12-20T01:57:39-05:00 ] ::1 /hejia/artbeanappapi/home/Shop/Index
INFO: [ app_init ] --START--
INFO: Run Behavior\BuildLiteBehavior [ RunTime:0.000085s ]
INFO: [ app_init ] --END-- [ RunTime:0.001219s ]
INFO: [ app_begin ] --START--
INFO: Run Behavior\ReadHtmlCacheBehavior [ RunTime:0.003501s ]
INFO: Run Behavior\CheckLangBehavior [ RunTime:0.004407s ]
INFO: [ app_begin ] --END-- [ RunTime:0.008761s ]

[ 2016-12-20T02:38:02-05:00 ] ::1 /hejia/artbeanappapi/home/Shop/Index
INFO: [ app_init ] --START--
INFO: Run Behavior\BuildLiteBehavior [ RunTime:0.000089s ]
INFO: [ app_init ] --END-- [ RunTime:0.001233s ]
INFO: [ app_begin ] --START--
INFO: Run Behavior\ReadHtmlCacheBehavior [ RunTime:0.001522s ]
INFO: Run Behavior\CheckLangBehavior [ RunTime:0.002521s ]
INFO: [ app_begin ] --END-- [ RunTime:0.004679s ]

[ 2016-12-20T02:38:03-05:00 ] ::1 /hejia/artbeanappapi/home/Shop/Index
INFO: [ app_init ] --START--
INFO: Run Behavior\BuildLiteBehavior [ RunTime:0.000060s ]
INFO: [ app_init ] --END-- [ RunTime:0.000981s ]
INFO: [ app_begin ] --START--
INFO: Run Behavior\ReadHtmlCacheBehavior [ RunTime:0.001515s ]
INFO: Run Behavior\CheckLangBehavior [ RunTime:0.002554s ]
INFO: [ app_begin ] --END-- [ RunTime:0.004606s ]

[ 2016-12-20T02:38:04-05:00 ] ::1 /hejia/artbeanappapi/home/Shop/Index
INFO: [ app_init ] --START--
INFO: Run Behavior\BuildLiteBehavior [ RunTime:0.000086s ]
INFO: [ app_init ] --END-- [ RunTime:0.001120s ]
INFO: [ app_begin ] --START--
INFO: Run Behavior\ReadHtmlCacheBehavior [ RunTime:0.002242s ]
INFO: Run Behavior\CheckLangBehavior [ RunTime:0.003116s ]
INFO: [ app_begin ] --END-- [ RunTime:0.006072s ]

[ 2016-12-20T02:38:04-05:00 ] ::1 /hejia/artbeanappapi/home/Shop/Index
INFO: [ app_init ] --START--
INFO: Run Behavior\BuildLiteBehavior [ RunTime:0.000085s ]
INFO: [ app_init ] --END-- [ RunTime:0.001183s ]
INFO: [ app_begin ] --START--
INFO: Run Behavior\ReadHtmlCacheBehavior [ RunTime:0.001654s ]
INFO: Run Behavior\CheckLangBehavior [ RunTime:0.002857s ]
INFO: [ app_begin ] --END-- [ RunTime:0.005167s ]

