[ 2016-12-26T04:11:04-05:00 ] ::1 /hejia/artbeanappapi/home/shop/index
INFO: [ app_init ] --START--
INFO: Run Behavior\BuildLiteBehavior [ RunTime:0.000089s ]
INFO: [ app_init ] --END-- [ RunTime:0.041702s ]
INFO: [ app_begin ] --START--
INFO: Run Behavior\ReadHtmlCacheBehavior [ RunTime:0.055104s ]
INFO: Run Behavior\CheckLangBehavior [ RunTime:0.099064s ]
INFO: [ app_begin ] --END-- [ RunTime:0.155048s ]
NOTIC: [8] Undefined index: HTTP_TYPE G:\wamp\www\hejia\artbeanappapi\ThinkPHP\Library\Think\Db\Driver.class.php 第 153 行.
NOTIC: [8] Undefined index: HTTP_TYPE G:\wamp\www\hejia\artbeanappapi\ThinkPHP\Library\Think\Db\Driver.class.php 第 155 行.
SQL: SHOW COLUMNS FROM `ab_base_recommend` [ RunTime:0.0345s ]
NOTIC: [8] Undefined index: HTTP_TYPE G:\wamp\www\hejia\artbeanappapi\ThinkPHP\Library\Think\Db\Driver.class.php 第 153 行.
NOTIC: [8] Undefined index: HTTP_TYPE G:\wamp\www\hejia\artbeanappapi\ThinkPHP\Library\Think\Db\Driver.class.php 第 155 行.
SQL: SELECT  FROM_UNIXTIME(UNIX_TIMESTAMP(create_time),"%M %e, %Y") as create_time,recommend_link link,recommend_title title,recommend_remark content,`author`,CONCAT('http://50.97.37.171',CONCAT(SUBSTRING_INDEX(recommend_pic,'.',1),'_s',SUBSTRING(recommend_pic,LENGTH(SUBSTRING_INDEX(recommend_pic,'.',1))+1,LENGTH(recommend_pic)))) as goods_img_url FROM `ab_base_recommend` WHERE ( delete_status in (0) and featured_id in (60)  ) ORDER BY pxh asc  [ RunTime:0.0316s ]
NOTIC: [8] Undefined index: HTTP_TYPE G:\wamp\www\hejia\artbeanappapi\ThinkPHP\Library\Think\Db\Driver.class.php 第 153 行.
NOTIC: [8] Undefined index: HTTP_TYPE G:\wamp\www\hejia\artbeanappapi\ThinkPHP\Library\Think\Db\Driver.class.php 第 155 行.
SQL: SHOW COLUMNS FROM `ab_base_sale_config` [ RunTime:0.0314s ]
NOTIC: [8] Undefined index: HTTP_TYPE G:\wamp\www\hejia\artbeanappapi\ThinkPHP\Library\Think\Db\Driver.class.php 第 153 行.
NOTIC: [8] Undefined index: HTTP_TYPE G:\wamp\www\hejia\artbeanappapi\ThinkPHP\Library\Think\Db\Driver.class.php 第 155 行.
SQL: SELECT `config_flag` FROM `ab_base_sale_config` WHERE ( config_code = "tjgn" ) LIMIT 1 [ RunTime:0.0303s ]
NOTIC: [8] Undefined index: HTTP_TYPE G:\wamp\www\hejia\artbeanappapi\ThinkPHP\Library\Think\Db\Driver.class.php 第 153 行.
NOTIC: [8] Undefined index: HTTP_TYPE G:\wamp\www\hejia\artbeanappapi\ThinkPHP\Library\Think\Db\Driver.class.php 第 155 行.
SQL: SHOW COLUMNS FROM `ab_base_goods` [ RunTime:0.0318s ]
NOTIC: [8] Undefined index: HTTP_TYPE G:\wamp\www\hejia\artbeanappapi\ThinkPHP\Library\Think\Db\Driver.class.php 第 153 行.
NOTIC: [8] Undefined index: HTTP_TYPE G:\wamp\www\hejia\artbeanappapi\ThinkPHP\Library\Think\Db\Driver.class.php 第 155 行.
SQL: SELECT
                    g.id goods_id,
                    CONCAT('http://50.97.37.171',CONCAT(SUBSTRING_INDEX(g.cover_path,'.',1),'_s',SUBSTRING(g.cover_path,LENGTH(SUBSTRING_INDEX(g.cover_path,'.',1))+1,LENGTH(g.cover_path)))) as goods_img_url,
                    CONCAT('ShopGoodsID_', g.id) AS jump_url,
                    g.longth goods_longth,
                    g.width goods_width,
                    g.sell_price goods_price,
                    c.name authorname,
                    g.url,
                    g.title goods_name
                FROM ab_base_goods g
                    LEFT JOIN ab_base_author_goods a ON g.id = a.goods AND a.delete_status in (0) AND a.type in (1)
                    LEFT JOIN ab_base_author c ON a.author = c.id AND c.delete_status in (0)
                WHERE g.is_online in (1) AND  g.inventory in (1)
                    AND g.delete_status in (0) AND g.on_sale in (1)
                ORDER BY g.sort ASC
                LIMIT 4 [ RunTime:0.0454s ]
NOTIC: [8] Undefined index: HTTP_TYPE G:\wamp\www\hejia\artbeanappapi\ThinkPHP\Library\Think\Db\Driver.class.php 第 153 行.
NOTIC: [8] Undefined index: HTTP_TYPE G:\wamp\www\hejia\artbeanappapi\ThinkPHP\Library\Think\Db\Driver.class.php 第 155 行.
SQL: SHOW COLUMNS FROM `ab_base_expert_recommend` [ RunTime:0.0326s ]
NOTIC: [8] Undefined index: HTTP_TYPE G:\wamp\www\hejia\artbeanappapi\ThinkPHP\Library\Think\Db\Driver.class.php 第 153 行.
NOTIC: [8] Undefined index: HTTP_TYPE G:\wamp\www\hejia\artbeanappapi\ThinkPHP\Library\Think\Db\Driver.class.php 第 155 行.
SQL: SELECT 
                    CONCAT('ShopGoodsID_',g.id) as jump_url,
                    g.title as goods_name,
                    CONCAT('http://50.97.37.171',CONCAT(SUBSTRING_INDEX(g.cover_path,'.',1),'_s',SUBSTRING(g.cover_path,LENGTH(SUBSTRING_INDEX(g.cover_path,'.',1))+1,LENGTH(g.cover_path)))) as goods_img_url,
                    g.longth goods_longth,
                    g.width goods_width,
                    g.sell_price goods_price,
                    c.name  authorname,
                    g.url,
                    g.id as goods_id
                FROM ab_base_expert_recommend er
                LEFT JOIN ab_base_goods g ON g.id=er.goodsid
                LEFT JOIN ab_base_author_goods a ON g.id = a.goods and a.delete_status=0 AND a.type = 1
                LEFT JOIN ab_base_author c ON a.author = c.id AND c.delete_status=0
                    WHERE
                    g.is_online in (1)
                    and g.inventory != 0
                    and g.delete_status=0
                    and er.delete_status in (0)
                    and er.moduletype in (1,3)
                    ORDER BY g.sort asc, er.create_time DESC
                    LIMIT 28 [ RunTime:0.0402s ]
NOTIC: [8] Undefined index: HTTP_TYPE G:\wamp\www\hejia\artbeanappapi\ThinkPHP\Library\Think\Db\Driver.class.php 第 153 行.
NOTIC: [8] Undefined index: HTTP_TYPE G:\wamp\www\hejia\artbeanappapi\ThinkPHP\Library\Think\Db\Driver.class.php 第 155 行.
SQL: SHOW COLUMNS FROM `ab_base_goods` [ RunTime:0.0375s ]
NOTIC: [8] Undefined index: HTTP_TYPE G:\wamp\www\hejia\artbeanappapi\ThinkPHP\Library\Think\Db\Driver.class.php 第 153 行.
NOTIC: [8] Undefined index: HTTP_TYPE G:\wamp\www\hejia\artbeanappapi\ThinkPHP\Library\Think\Db\Driver.class.php 第 155 行.
SQL: SELECT
                        CONCAT('ShopGoodsID_',t.id) as jump_url,
                        CONCAT('http://50.97.37.171',CONCAT(SUBSTRING_INDEX(t.cover_path,'.',1),'_s',SUBSTRING(t.cover_path,LENGTH(SUBSTRING_INDEX(t.cover_path,'.',1))+1,LENGTH(t.cover_path)))) as goods_img_url,
                        t.longth goods_longth,
                        t.width goods_width,
                        t.sell_price goods_price,
                        c.name as authorname,
                        t.url,
                        t.title as goods_name
                    FROM
                        ab_base_goods t
                    LEFT JOIN ab_base_author_goods a ON t.id = a.goods AND a.delete_status = 0 and a.type = 1
                    LEFT JOIN ab_base_author c ON a.author = c.id AND c.delete_status = 0
                    WHERE
                        t.is_online = 1
                    AND t.inventory in (1)
                    AND a.author IS NOT NULL
                    AND t.delete_status = 0
                    and t.on_sale = 0
                    
                    ORDER BY
                        t.sort asc,
                        t.online_time DESC
                    LIMIT 28 [ RunTime:0.0375s ]
NOTIC: [8] Undefined index: HTTP_TYPE G:\wamp\www\hejia\artbeanappapi\ThinkPHP\Library\Think\Db\Driver.class.php 第 153 行.
NOTIC: [8] Undefined index: HTTP_TYPE G:\wamp\www\hejia\artbeanappapi\ThinkPHP\Library\Think\Db\Driver.class.php 第 155 行.
SQL: SHOW COLUMNS FROM `ab_base_help_category` [ RunTime:0.0318s ]
NOTIC: [8] Undefined index: HTTP_TYPE G:\wamp\www\hejia\artbeanappapi\ThinkPHP\Library\Think\Db\Driver.class.php 第 153 行.
NOTIC: [8] Undefined index: HTTP_TYPE G:\wamp\www\hejia\artbeanappapi\ThinkPHP\Library\Think\Db\Driver.class.php 第 155 行.
SQL: SELECT `id`,CONCAT("HelpCateID_",id) as help_url,name  as help_name,`parent_id`,`url` FROM `ab_base_help_category` WHERE ( delete_status in (0) )  [ RunTime:0.0309s ]

[ 2016-12-26T04:27:28-05:00 ] ::1 /hejia/artbeanappapi/home/shop/index
INFO: [ app_init ] --START--
INFO: Run Behavior\BuildLiteBehavior [ RunTime:0.000656s ]
INFO: [ app_init ] --END-- [ RunTime:0.002024s ]
INFO: [ app_begin ] --START--
INFO: Run Behavior\ReadHtmlCacheBehavior [ RunTime:0.001975s ]
INFO: Run Behavior\CheckLangBehavior [ RunTime:0.004243s ]
INFO: [ app_begin ] --END-- [ RunTime:0.006900s ]
NOTIC: [8] Undefined index: HTTP_TYPE G:\wamp\www\hejia\artbeanappapi\ThinkPHP\Library\Think\Db\Driver.class.php 第 153 行.
NOTIC: [8] Undefined index: HTTP_TYPE G:\wamp\www\hejia\artbeanappapi\ThinkPHP\Library\Think\Db\Driver.class.php 第 155 行.
SQL: SHOW COLUMNS FROM `ab_base_recommend` [ RunTime:0.0352s ]
NOTIC: [8] Undefined index: HTTP_TYPE G:\wamp\www\hejia\artbeanappapi\ThinkPHP\Library\Think\Db\Driver.class.php 第 153 行.
NOTIC: [8] Undefined index: HTTP_TYPE G:\wamp\www\hejia\artbeanappapi\ThinkPHP\Library\Think\Db\Driver.class.php 第 155 行.
SQL: SELECT  FROM_UNIXTIME(UNIX_TIMESTAMP(create_time),"%M %e, %Y") as create_time,recommend_link link,recommend_title title,recommend_remark content,`author`,CONCAT('http://50.97.37.171',CONCAT(SUBSTRING_INDEX(recommend_pic,'.',1),'_s',SUBSTRING(recommend_pic,LENGTH(SUBSTRING_INDEX(recommend_pic,'.',1))+1,LENGTH(recommend_pic)))) as goods_img_url FROM `ab_base_recommend` WHERE ( delete_status in (0) and featured_id in (60)  ) ORDER BY pxh asc  [ RunTime:0.0338s ]
NOTIC: [8] Undefined index: HTTP_TYPE G:\wamp\www\hejia\artbeanappapi\ThinkPHP\Library\Think\Db\Driver.class.php 第 153 行.
NOTIC: [8] Undefined index: HTTP_TYPE G:\wamp\www\hejia\artbeanappapi\ThinkPHP\Library\Think\Db\Driver.class.php 第 155 行.
SQL: SHOW COLUMNS FROM `ab_base_sale_config` [ RunTime:0.0334s ]
NOTIC: [8] Undefined index: HTTP_TYPE G:\wamp\www\hejia\artbeanappapi\ThinkPHP\Library\Think\Db\Driver.class.php 第 153 行.
NOTIC: [8] Undefined index: HTTP_TYPE G:\wamp\www\hejia\artbeanappapi\ThinkPHP\Library\Think\Db\Driver.class.php 第 155 行.
SQL: SELECT `config_flag` FROM `ab_base_sale_config` WHERE ( config_code = "tjgn" ) LIMIT 1 [ RunTime:0.0319s ]
NOTIC: [8] Undefined index: HTTP_TYPE G:\wamp\www\hejia\artbeanappapi\ThinkPHP\Library\Think\Db\Driver.class.php 第 153 行.
NOTIC: [8] Undefined index: HTTP_TYPE G:\wamp\www\hejia\artbeanappapi\ThinkPHP\Library\Think\Db\Driver.class.php 第 155 行.
SQL: SHOW COLUMNS FROM `ab_base_goods` [ RunTime:0.0373s ]
NOTIC: [8] Undefined index: HTTP_TYPE G:\wamp\www\hejia\artbeanappapi\ThinkPHP\Library\Think\Db\Driver.class.php 第 153 行.
NOTIC: [8] Undefined index: HTTP_TYPE G:\wamp\www\hejia\artbeanappapi\ThinkPHP\Library\Think\Db\Driver.class.php 第 155 行.
SQL: SELECT
                    g.id goods_id,
                    CONCAT('http://50.97.37.171',CONCAT(SUBSTRING_INDEX(g.cover_path,'.',1),'_s',SUBSTRING(g.cover_path,LENGTH(SUBSTRING_INDEX(g.cover_path,'.',1))+1,LENGTH(g.cover_path)))) as goods_img_url,
                    CONCAT('ShopGoodsID_', g.id) AS jump_url,
                    g.longth goods_longth,
                    g.width goods_width,
                    g.sell_price goods_price,
                    c.name authorname,
                    g.url,
                    g.title goods_name
                FROM ab_base_goods g
                    LEFT JOIN ab_base_author_goods a ON g.id = a.goods AND a.delete_status in (0) AND a.type in (1)
                    LEFT JOIN ab_base_author c ON a.author = c.id AND c.delete_status in (0)
                WHERE g.is_online in (1) AND  g.inventory in (1)
                    AND g.delete_status in (0) AND g.on_sale in (1)
                ORDER BY g.sort ASC
                LIMIT 4 [ RunTime:0.0483s ]
NOTIC: [8] Undefined index: HTTP_TYPE G:\wamp\www\hejia\artbeanappapi\ThinkPHP\Library\Think\Db\Driver.class.php 第 153 行.
NOTIC: [8] Undefined index: HTTP_TYPE G:\wamp\www\hejia\artbeanappapi\ThinkPHP\Library\Think\Db\Driver.class.php 第 155 行.
SQL: SHOW COLUMNS FROM `ab_base_expert_recommend` [ RunTime:0.0338s ]
NOTIC: [8] Undefined index: HTTP_TYPE G:\wamp\www\hejia\artbeanappapi\ThinkPHP\Library\Think\Db\Driver.class.php 第 153 行.
NOTIC: [8] Undefined index: HTTP_TYPE G:\wamp\www\hejia\artbeanappapi\ThinkPHP\Library\Think\Db\Driver.class.php 第 155 行.
SQL: SELECT 
                    CONCAT('ShopGoodsID_',g.id) as jump_url,
                    g.title as goods_name,
                    CONCAT('http://50.97.37.171',CONCAT(SUBSTRING_INDEX(g.cover_path,'.',1),'_s',SUBSTRING(g.cover_path,LENGTH(SUBSTRING_INDEX(g.cover_path,'.',1))+1,LENGTH(g.cover_path)))) as goods_img_url,
                    g.longth goods_longth,
                    g.width goods_width,
                    g.sell_price goods_price,
                    c.name  authorname,
                    g.url,
                    g.id as goods_id
                FROM ab_base_expert_recommend er
                LEFT JOIN ab_base_goods g ON g.id=er.goodsid
                LEFT JOIN ab_base_author_goods a ON g.id = a.goods and a.delete_status=0 AND a.type = 1
                LEFT JOIN ab_base_author c ON a.author = c.id AND c.delete_status=0
                    WHERE
                    g.is_online in (1)
                    and g.inventory != 0
                    and g.delete_status=0
                    and er.delete_status in (0)
                    and er.moduletype in (1,3)
                    ORDER BY g.sort asc, er.create_time DESC
                    LIMIT 28 [ RunTime:0.0373s ]
NOTIC: [8] Undefined index: HTTP_TYPE G:\wamp\www\hejia\artbeanappapi\ThinkPHP\Library\Think\Db\Driver.class.php 第 153 行.
NOTIC: [8] Undefined index: HTTP_TYPE G:\wamp\www\hejia\artbeanappapi\ThinkPHP\Library\Think\Db\Driver.class.php 第 155 行.
SQL: SHOW COLUMNS FROM `ab_base_goods` [ RunTime:0.0338s ]
NOTIC: [8] Undefined index: HTTP_TYPE G:\wamp\www\hejia\artbeanappapi\ThinkPHP\Library\Think\Db\Driver.class.php 第 153 行.
NOTIC: [8] Undefined index: HTTP_TYPE G:\wamp\www\hejia\artbeanappapi\ThinkPHP\Library\Think\Db\Driver.class.php 第 155 行.
SQL: SELECT
                        CONCAT('ShopGoodsID_',t.id) as jump_url,
                        CONCAT('http://50.97.37.171',CONCAT(SUBSTRING_INDEX(t.cover_path,'.',1),'_s',SUBSTRING(t.cover_path,LENGTH(SUBSTRING_INDEX(t.cover_path,'.',1))+1,LENGTH(t.cover_path)))) as goods_img_url,
                        t.longth goods_longth,
                        t.width goods_width,
                        t.sell_price goods_price,
                        c.name as authorname,
                        t.url,
                        t.title as goods_name
                    FROM
                        ab_base_goods t
                    LEFT JOIN ab_base_author_goods a ON t.id = a.goods AND a.delete_status = 0 and a.type = 1
                    LEFT JOIN ab_base_author c ON a.author = c.id AND c.delete_status = 0
                    WHERE
                        t.is_online = 1
                    AND t.inventory in (1)
                    AND a.author IS NOT NULL
                    AND t.delete_status = 0
                    and t.on_sale = 0
                    
                    ORDER BY
                        t.sort asc,
                        t.online_time DESC
                    LIMIT 28 [ RunTime:0.0391s ]
NOTIC: [8] Undefined index: HTTP_TYPE G:\wamp\www\hejia\artbeanappapi\ThinkPHP\Library\Think\Db\Driver.class.php 第 153 行.
NOTIC: [8] Undefined index: HTTP_TYPE G:\wamp\www\hejia\artbeanappapi\ThinkPHP\Library\Think\Db\Driver.class.php 第 155 行.
SQL: SHOW COLUMNS FROM `ab_base_help_category` [ RunTime:0.0337s ]
NOTIC: [8] Undefined index: HTTP_TYPE G:\wamp\www\hejia\artbeanappapi\ThinkPHP\Library\Think\Db\Driver.class.php 第 153 行.
NOTIC: [8] Undefined index: HTTP_TYPE G:\wamp\www\hejia\artbeanappapi\ThinkPHP\Library\Think\Db\Driver.class.php 第 155 行.
SQL: SELECT `id`,CONCAT("HelpCateID_",id) as help_url,name  as help_name,`parent_id`,`url` FROM `ab_base_help_category` WHERE ( delete_status in (0) )  [ RunTime:0.0326s ]

[ 2016-12-26T04:39:55-05:00 ] ::1 /hejia/artbeanappapi/home/shop/filterGoods
INFO: [ app_init ] --START--
INFO: Run Behavior\BuildLiteBehavior [ RunTime:0.000090s ]
INFO: [ app_init ] --END-- [ RunTime:0.001225s ]
INFO: [ app_begin ] --START--
INFO: Run Behavior\ReadHtmlCacheBehavior [ RunTime:0.001743s ]
INFO: Run Behavior\CheckLangBehavior [ RunTime:0.005300s ]
INFO: [ app_begin ] --END-- [ RunTime:0.007785s ]

[ 2016-12-26T04:40:22-05:00 ] ::1 /hejia/artbeanappapi/home/shop/filtergoods
INFO: [ app_init ] --START--
INFO: Run Behavior\BuildLiteBehavior [ RunTime:0.000090s ]
INFO: [ app_init ] --END-- [ RunTime:0.001886s ]
INFO: [ app_begin ] --START--
INFO: Run Behavior\ReadHtmlCacheBehavior [ RunTime:0.003599s ]
INFO: Run Behavior\CheckLangBehavior [ RunTime:0.003728s ]
INFO: [ app_begin ] --END-- [ RunTime:0.008026s ]

[ 2016-12-26T04:40:33-05:00 ] ::1 /hejia/artbeanappapi/home/shop/filtergoods
INFO: [ app_init ] --START--
INFO: Run Behavior\BuildLiteBehavior [ RunTime:0.000061s ]
INFO: [ app_init ] --END-- [ RunTime:0.000990s ]
INFO: [ app_begin ] --START--
INFO: Run Behavior\ReadHtmlCacheBehavior [ RunTime:0.001942s ]
INFO: Run Behavior\CheckLangBehavior [ RunTime:0.003962s ]
INFO: [ app_begin ] --END-- [ RunTime:0.007270s ]
NOTIC: [8] Undefined index: HTTP_TYPE G:\wamp\www\hejia\artbeanappapi\ThinkPHP\Library\Think\Db\Driver.class.php 第 153 行.
NOTIC: [8] Undefined index: HTTP_TYPE G:\wamp\www\hejia\artbeanappapi\ThinkPHP\Library\Think\Db\Driver.class.php 第 155 行.
SQL: SHOW COLUMNS FROM `sys_dictype` [ RunTime:0.0551s ]
NOTIC: [8] Undefined index: HTTP_TYPE G:\wamp\www\hejia\artbeanappapi\ThinkPHP\Library\Think\Db\Driver.class.php 第 153 行.
NOTIC: [8] Undefined index: HTTP_TYPE G:\wamp\www\hejia\artbeanappapi\ThinkPHP\Library\Think\Db\Driver.class.php 第 155 行.
SQL: SHOW COLUMNS FROM `sys_diction` [ RunTime:0.1405s ]
NOTIC: [8] Undefined index: HTTP_TYPE G:\wamp\www\hejia\artbeanappapi\ThinkPHP\Library\Think\Db\Driver.class.php 第 153 行.
NOTIC: [8] Undefined index: HTTP_TYPE G:\wamp\www\hejia\artbeanappapi\ThinkPHP\Library\Think\Db\Driver.class.php 第 155 行.
SQL: SELECT sys_diction.id,sys_diction.dictname,sys_diction.typeid FROM `sys_diction` WHERE ( sys_diction.isdisabled in (0) and sys_diction.delete_status in (0)  )  [ RunTime:0.1264s ]
NOTIC: [8] Undefined index: HTTP_TYPE G:\wamp\www\hejia\artbeanappapi\ThinkPHP\Library\Think\Db\Driver.class.php 第 153 行.
NOTIC: [8] Undefined index: HTTP_TYPE G:\wamp\www\hejia\artbeanappapi\ThinkPHP\Library\Think\Db\Driver.class.php 第 155 行.
SQL: SELECT sys_dictype.id,sys_dictype.typename FROM `sys_dictype` WHERE ( sys_dictype.delete_status in (0) and  id in (63,64,65,68)  and id not in ( 66, 67 ) )  [ RunTime:0.2438s ]
NOTIC: [8] Undefined index: HTTP_TYPE G:\wamp\www\hejia\artbeanappapi\ThinkPHP\Library\Think\Db\Driver.class.php 第 153 行.
NOTIC: [8] Undefined index: HTTP_TYPE G:\wamp\www\hejia\artbeanappapi\ThinkPHP\Library\Think\Db\Driver.class.php 第 155 行.
SQL: SHOW COLUMNS FROM `ab_base_goods` [ RunTime:0.0907s ]
NOTIC: [8] Undefined index: HTTP_TYPE G:\wamp\www\hejia\artbeanappapi\ThinkPHP\Library\Think\Db\Driver.class.php 第 153 行.
NOTIC: [8] Undefined index: HTTP_TYPE G:\wamp\www\hejia\artbeanappapi\ThinkPHP\Library\Think\Db\Driver.class.php 第 155 行.
SQL: SELECT CEILING(max(sell_price)) as max_sell_price,FLOOR(min(sell_price)) as min_sell_price FROM `ab_base_goods` WHERE ( is_online in (1) and delete_status in (0) and inventory in (1)    ) LIMIT 1   [ RunTime:0.1806s ]

[ 2016-12-26T05:30:43-05:00 ] ::1 /hejia/artbeanappapi/home/shop/filtergoods
INFO: [ app_init ] --START--
INFO: Run Behavior\BuildLiteBehavior [ RunTime:0.000061s ]
INFO: [ app_init ] --END-- [ RunTime:0.000979s ]
INFO: [ app_begin ] --START--
INFO: Run Behavior\ReadHtmlCacheBehavior [ RunTime:0.001679s ]
INFO: Run Behavior\CheckLangBehavior [ RunTime:0.002804s ]
INFO: [ app_begin ] --END-- [ RunTime:0.005197s ]
NOTIC: [8] Undefined index: HTTP_TYPE G:\wamp\www\hejia\artbeanappapi\ThinkPHP\Library\Think\Db\Driver.class.php 第 153 行.
NOTIC: [8] Undefined index: HTTP_TYPE G:\wamp\www\hejia\artbeanappapi\ThinkPHP\Library\Think\Db\Driver.class.php 第 155 行.
SQL: SHOW COLUMNS FROM `sys_dictype` [ RunTime:0.0553s ]
NOTIC: [8] Undefined index: HTTP_TYPE G:\wamp\www\hejia\artbeanappapi\ThinkPHP\Library\Think\Db\Driver.class.php 第 153 行.
NOTIC: [8] Undefined index: HTTP_TYPE G:\wamp\www\hejia\artbeanappapi\ThinkPHP\Library\Think\Db\Driver.class.php 第 155 行.
SQL: SHOW COLUMNS FROM `sys_diction` [ RunTime:0.0603s ]
NOTIC: [8] Undefined index: HTTP_TYPE G:\wamp\www\hejia\artbeanappapi\ThinkPHP\Library\Think\Db\Driver.class.php 第 153 行.
NOTIC: [8] Undefined index: HTTP_TYPE G:\wamp\www\hejia\artbeanappapi\ThinkPHP\Library\Think\Db\Driver.class.php 第 155 行.
SQL: SELECT sys_diction.id,sys_diction.dictname,sys_diction.typeid FROM `sys_diction` WHERE ( sys_diction.isdisabled in (0) and sys_diction.delete_status in (0)  )  [ RunTime:0.0409s ]
NOTIC: [8] Undefined index: HTTP_TYPE G:\wamp\www\hejia\artbeanappapi\ThinkPHP\Library\Think\Db\Driver.class.php 第 153 行.
NOTIC: [8] Undefined index: HTTP_TYPE G:\wamp\www\hejia\artbeanappapi\ThinkPHP\Library\Think\Db\Driver.class.php 第 155 行.
SQL: SELECT sys_dictype.id,sys_dictype.typename FROM `sys_dictype` WHERE ( sys_dictype.delete_status in (0) and  id in (63,64,65)  and id not in ( 66, 67,68 ) )  [ RunTime:0.0343s ]

[ 2016-12-26T05:37:53-05:00 ] ::1 /hejia/artbeanappapi/home/shop/filtergoods
INFO: [ app_init ] --START--
INFO: Run Behavior\BuildLiteBehavior [ RunTime:0.003826s ]
INFO: [ app_init ] --END-- [ RunTime:0.005372s ]
INFO: [ app_begin ] --START--
INFO: Run Behavior\ReadHtmlCacheBehavior [ RunTime:0.001517s ]
INFO: Run Behavior\CheckLangBehavior [ RunTime:0.003035s ]
INFO: [ app_begin ] --END-- [ RunTime:0.005441s ]
NOTIC: [8] Undefined index: HTTP_TYPE G:\wamp\www\hejia\artbeanappapi\ThinkPHP\Library\Think\Db\Driver.class.php 第 153 行.
NOTIC: [8] Undefined index: HTTP_TYPE G:\wamp\www\hejia\artbeanappapi\ThinkPHP\Library\Think\Db\Driver.class.php 第 155 行.
SQL: SHOW COLUMNS FROM `sys_dictype` [ RunTime:0.0311s ]
NOTIC: [8] Undefined index: HTTP_TYPE G:\wamp\www\hejia\artbeanappapi\ThinkPHP\Library\Think\Db\Driver.class.php 第 153 行.
NOTIC: [8] Undefined index: HTTP_TYPE G:\wamp\www\hejia\artbeanappapi\ThinkPHP\Library\Think\Db\Driver.class.php 第 155 行.
SQL: SHOW COLUMNS FROM `sys_diction` [ RunTime:0.0315s ]
NOTIC: [8] Undefined index: HTTP_TYPE G:\wamp\www\hejia\artbeanappapi\ThinkPHP\Library\Think\Db\Driver.class.php 第 153 行.
NOTIC: [8] Undefined index: HTTP_TYPE G:\wamp\www\hejia\artbeanappapi\ThinkPHP\Library\Think\Db\Driver.class.php 第 155 行.
SQL: SELECT sys_diction.id,sys_diction.dictname,sys_diction.typeid FROM `sys_diction` WHERE ( sys_diction.isdisabled in (0) and sys_diction.delete_status in (0)  )  [ RunTime:0.0300s ]
NOTIC: [8] Undefined index: HTTP_TYPE G:\wamp\www\hejia\artbeanappapi\ThinkPHP\Library\Think\Db\Driver.class.php 第 153 行.
NOTIC: [8] Undefined index: HTTP_TYPE G:\wamp\www\hejia\artbeanappapi\ThinkPHP\Library\Think\Db\Driver.class.php 第 155 行.
SQL: SHOW COLUMNS FROM `ab_base_goods` [ RunTime:0.0322s ]
NOTIC: [8] Undefined index: HTTP_TYPE G:\wamp\www\hejia\artbeanappapi\ThinkPHP\Library\Think\Db\Driver.class.php 第 153 行.
NOTIC: [8] Undefined index: HTTP_TYPE G:\wamp\www\hejia\artbeanappapi\ThinkPHP\Library\Think\Db\Driver.class.php 第 155 行.
SQL: SELECT CEILING(max(sell_price)) as max_sell_price,FLOOR(min(sell_price)) as min_sell_price FROM `ab_base_goods` WHERE ( is_online in (1) and delete_status in (0) and inventory in (1)    ) LIMIT 1   [ RunTime:0.0343s ]

